2022/03/22 14:02:13.626  [E] [main.go:130]  init mysql failed, err: register db Ping `default`, dial tcp 127.0.0.1:3306: connectex: No connection could be made because the target machine actively refused it.
2022/03/22 14:05:54.829  [C] [config.go:190]  the request url is  /user/register
2022/03/22 14:05:54.829  [C] [config.go:191]  Handler crashed with error can't find templatefile in the path:views/usercontroller/post.tpl
2022/03/22 14:05:54.830  [C] [config.go:197]  D:/go/src/runtime/panic.go:1038
2022/03/22 14:05:54.830  [C] [config.go:197]  C:/Users/admin/go/pkg/mod/github.com/beego/beego/v2@v2.0.1/server/web/template.go:75
2022/03/22 14:05:54.831  [C] [config.go:197]  C:/Users/admin/go/pkg/mod/github.com/beego/beego/v2@v2.0.1/server/web/controller.go:311
2022/03/22 14:05:54.831  [C] [config.go:197]  C:/Users/admin/go/pkg/mod/github.com/beego/beego/v2@v2.0.1/server/web/controller.go:262
2022/03/22 14:05:54.832  [C] [config.go:197]  C:/Users/admin/go/pkg/mod/github.com/beego/beego/v2@v2.0.1/server/web/controller.go:239
2022/03/22 14:05:54.832  [C] [config.go:197]  C:/Users/admin/go/pkg/mod/github.com/beego/beego/v2@v2.0.1/server/web/router.go:895
2022/03/22 14:05:54.832  [C] [config.go:197]  C:/Users/admin/go/pkg/mod/github.com/beego/beego/v2@v2.0.1/server/web/filter.go:81
2022/03/22 14:05:54.833  [C] [config.go:197]  C:/Users/admin/go/pkg/mod/github.com/beego/beego/v2@v2.0.1/server/web/router.go:664
2022/03/22 14:05:54.833  [C] [config.go:197]  D:/go/src/net/http/server.go:2879
2022/03/22 14:05:54.833  [C] [config.go:197]  D:/go/src/net/http/server.go:1930
2022/03/22 14:05:54.834  [C] [config.go:197]  D:/go/src/runtime/asm_amd64.s:1581
2022/03/22 14:09:51.496  [C] [config.go:190]  the request url is  /user/register
2022/03/22 14:09:51.496  [C] [config.go:191]  Handler crashed with error can't find templatefile in the path:views/usercontroller/post.tpl
2022/03/22 14:09:51.496  [C] [config.go:197]  D:/go/src/runtime/panic.go:1038
2022/03/22 14:09:51.497  [C] [config.go:197]  C:/Users/admin/go/pkg/mod/github.com/beego/beego/v2@v2.0.1/server/web/template.go:75
2022/03/22 14:09:51.497  [C] [config.go:197]  C:/Users/admin/go/pkg/mod/github.com/beego/beego/v2@v2.0.1/server/web/controller.go:311
2022/03/22 14:09:51.498  [C] [config.go:197]  C:/Users/admin/go/pkg/mod/github.com/beego/beego/v2@v2.0.1/server/web/controller.go:262
2022/03/22 14:09:51.498  [C] [config.go:197]  C:/Users/admin/go/pkg/mod/github.com/beego/beego/v2@v2.0.1/server/web/controller.go:239
2022/03/22 14:09:51.498  [C] [config.go:197]  C:/Users/admin/go/pkg/mod/github.com/beego/beego/v2@v2.0.1/server/web/router.go:895
2022/03/22 14:09:51.499  [C] [config.go:197]  C:/Users/admin/go/pkg/mod/github.com/beego/beego/v2@v2.0.1/server/web/filter.go:81
2022/03/22 14:09:51.499  [C] [config.go:197]  C:/Users/admin/go/pkg/mod/github.com/beego/beego/v2@v2.0.1/server/web/router.go:664
2022/03/22 14:09:51.499  [C] [config.go:197]  D:/go/src/net/http/server.go:2879
2022/03/22 14:09:51.500  [C] [config.go:197]  D:/go/src/net/http/server.go:1930
2022/03/22 14:09:51.500  [C] [config.go:197]  D:/go/src/runtime/asm_amd64.s:1581
2022/03/22 14:12:07.724  [C] [server.go:188]  ListenAndServe:  http: Server closed 3928
2022/03/22 14:22:30.509  [C] [server.go:188]  ListenAndServe:  http: Server closed 7100
2022/03/23 22:22:23.197  [E] [main.go:130]  init mysql failed, err: register db Ping `default`, dial tcp 127.0.0.1:3306: connectex: No connection could be made because the target machine actively refused it.
2022/03/23 22:23:10.974  [W] [base_controller.go:92]  unmarshal request body failed, err: invalid character 'a' in literal null (expecting 'u')
2022/03/23 22:23:10.975  [W] [base_controller.go:67]  parse err: invalid character 'a' in literal null (expecting 'u')
2022/03/23 22:23:37.103  [W] [base_controller.go:92]  unmarshal request body failed, err: invalid character 'a' in literal null (expecting 'u')
2022/03/23 22:23:37.104  [W] [base_controller.go:67]  parse err: invalid character 'a' in literal null (expecting 'u')
2022/03/23 22:24:17.413  [W] [base_controller.go:92]  unmarshal request body failed, err: invalid character 'a' in literal null (expecting 'u')
2022/03/23 22:24:17.414  [W] [base_controller.go:67]  parse err: invalid character 'a' in literal null (expecting 'u')
2022/03/23 22:24:30.181  [W] [base_controller.go:92]  unmarshal request body failed, err: invalid character 'a' in literal null (expecting 'u')
2022/03/23 22:24:30.181  [W] [base_controller.go:67]  parse err: invalid character 'a' in literal null (expecting 'u')
2022/03/23 22:29:24.814  [W] [base_controller.go:92]  unmarshal request body failed, err: invalid character 'a' in literal null (expecting 'u')
2022/03/23 22:29:24.815  [W] [base_controller.go:67]  parse err: invalid character 'a' in literal null (expecting 'u')
2022/03/23 22:29:30.165  [W] [base_controller.go:92]  unmarshal request body failed, err: invalid character 'a' in literal null (expecting 'u')
2022/03/23 22:29:30.166  [W] [base_controller.go:67]  parse err: invalid character 'a' in literal null (expecting 'u')
2022/03/23 22:31:52.348  [W] [base_controller.go:92]  unmarshal request body failed, err: invalid character 'a' in literal null (expecting 'u')
2022/03/23 22:31:52.349  [W] [base_controller.go:67]  parse err: invalid character 'a' in literal null (expecting 'u')
2022/03/23 22:31:55.229  [W] [base_controller.go:92]  unmarshal request body failed, err: invalid character 'a' in literal null (expecting 'u')
2022/03/23 22:31:55.229  [W] [base_controller.go:67]  parse err: invalid character 'a' in literal null (expecting 'u')
2022/03/23 22:31:57.501  [W] [base_controller.go:92]  unmarshal request body failed, err: invalid character 'a' in literal null (expecting 'u')
2022/03/23 22:31:57.501  [W] [base_controller.go:67]  parse err: invalid character 'a' in literal null (expecting 'u')
2022/03/23 22:33:29.745  [W] [base_controller.go:92]  unmarshal request body failed, err: invalid character 'a' in literal null (expecting 'u')
2022/03/23 22:33:29.746  [W] [base_controller.go:67]  parse err: invalid character 'a' in literal null (expecting 'u')
2022/03/23 22:33:31.585  [W] [base_controller.go:92]  unmarshal request body failed, err: invalid character 'a' in literal null (expecting 'u')
2022/03/23 22:33:31.585  [W] [base_controller.go:67]  parse err: invalid character 'a' in literal null (expecting 'u')
2022/03/23 22:33:33.777  [W] [base_controller.go:92]  unmarshal request body failed, err: invalid character 'a' in literal null (expecting 'u')
2022/03/23 22:33:33.777  [W] [base_controller.go:67]  parse err: invalid character 'a' in literal null (expecting 'u')
2022/03/23 22:33:41.377  [W] [base_controller.go:92]  unmarshal request body failed, err: invalid character 'a' in literal null (expecting 'u')
2022/03/23 22:33:41.379  [W] [base_controller.go:67]  parse err: invalid character 'a' in literal null (expecting 'u')
2022/03/23 22:40:11.842  [W] [base_controller.go:92]  unmarshal request body failed, err: invalid character 'a' in literal null (expecting 'u')
2022/03/23 22:40:11.843  [W] [base_controller.go:67]  parse err: invalid character 'a' in literal null (expecting 'u')
2022/03/23 22:43:53.716  [W] [base_controller.go:92]  unmarshal request body failed, err: invalid character 'a' in literal null (expecting 'u')
2022/03/23 22:43:53.717  [W] [base_controller.go:67]  parse err: invalid character 'a' in literal null (expecting 'u')
2022/03/23 22:49:46.207  [W] [base_controller.go:92]  unmarshal request body failed, err: invalid character 'a' in literal null (expecting 'u')
2022/03/23 22:49:46.207  [W] [base_controller.go:67]  parse err: invalid character 'a' in literal null (expecting 'u')
2022/03/23 22:54:01.164  [W] [base_controller.go:92]  unmarshal request body failed, err: invalid character 'a' in literal null (expecting 'u')
2022/03/23 22:54:01.164  [W] [base_controller.go:67]  parse err: invalid character 'a' in literal null (expecting 'u')
2022/03/23 22:54:06.435  [W] [base_controller.go:92]  unmarshal request body failed, err: invalid character 'a' in literal null (expecting 'u')
2022/03/23 22:54:06.435  [W] [base_controller.go:67]  parse err: invalid character 'a' in literal null (expecting 'u')
2022/03/23 22:54:38.653  [W] [base_controller.go:92]  unmarshal request body failed, err: invalid character 'a' in literal null (expecting 'u')
2022/03/23 22:54:38.653  [W] [base_controller.go:67]  parse err: invalid character 'a' in literal null (expecting 'u')
2022/03/23 23:03:08.985  [W] [base_controller.go:93]  unmarshal request body failed, err: invalid character 'a' in literal null (expecting 'u')
2022/03/23 23:03:08.985  [W] [base_controller.go:68]  parse err: invalid character 'a' in literal null (expecting 'u')
2022/03/23 23:03:43.797  [W] [base_controller.go:93]  unmarshal request body failed, err: invalid character 'a' in literal null (expecting 'u')
2022/03/23 23:03:43.798  [W] [base_controller.go:68]  parse err: invalid character 'a' in literal null (expecting 'u')
2022/03/23 23:05:42.018  [W] [base_controller.go:92]  unmarshal request body failed, err: invalid character 'a' in literal null (expecting 'u')
2022/03/23 23:05:42.019  [W] [base_controller.go:67]  parse err: invalid character 'a' in literal null (expecting 'u')
2022/03/23 23:08:38.839  [C] [server.go:188]  ListenAndServe:  http: Server closed 3068
2022/03/23 23:11:01.956  [W] [base_controller.go:92]  unmarshal request body failed, err: invalid character 'a' in literal null (expecting 'u')
2022/03/23 23:11:01.956  [W] [base_controller.go:67]  parse err: invalid character 'a' in literal null (expecting 'u')
2022/03/23 23:19:04.790  [C] [server.go:188]  ListenAndServe:  http: Server closed 1568
2022/03/25 11:55:02.424  [E] [main.go:130]  init mysql failed, err: register db Ping `default`, dial tcp 127.0.0.1:3306: connectex: No connection could be made because the target machine actively refused it.
2022/03/25 11:56:08.947  [W] [base_controller.go:92]  unmarshal request body failed, err: invalid character 'a' in literal null (expecting 'u')
2022/03/25 11:56:08.947  [W] [base_controller.go:67]  parse err: invalid character 'a' in literal null (expecting 'u')
2022/03/25 11:56:23.718  [W] [base_controller.go:92]  unmarshal request body failed, err: invalid character 'a' in literal null (expecting 'u')
2022/03/25 11:56:23.719  [W] [base_controller.go:67]  parse err: invalid character 'a' in literal null (expecting 'u')
2022/03/25 12:08:28.774  [W] [base_controller.go:92]  unmarshal request body failed, err: invalid character 'a' in literal null (expecting 'u')
2022/03/25 12:08:28.774  [W] [base_controller.go:67]  parse err: invalid character 'a' in literal null (expecting 'u')
2022/03/25 12:08:38.482  [W] [base_controller.go:92]  unmarshal request body failed, err: invalid character 'a' in literal null (expecting 'u')
2022/03/25 12:08:38.482  [W] [base_controller.go:67]  parse err: invalid character 'a' in literal null (expecting 'u')
2022/03/25 12:10:40.069  [W] [base_controller.go:92]  unmarshal request body failed, err: invalid character 'a' in literal null (expecting 'u')
2022/03/25 12:10:40.069  [W] [base_controller.go:67]  parse err: invalid character 'a' in literal null (expecting 'u')
2022/03/25 12:10:46.882  [W] [base_controller.go:92]  unmarshal request body failed, err: invalid character 'a' in literal null (expecting 'u')
2022/03/25 12:10:46.883  [W] [base_controller.go:67]  parse err: invalid character 'a' in literal null (expecting 'u')
2022/03/25 13:49:04.294  [W] [user_logic.go:21]  用户名重复，注册失败
2022/03/25 13:49:17.767  [W] [user_logic.go:21]  用户名重复，注册失败
2022/03/25 13:49:23.856  [W] [user_logic.go:21]  用户名重复，注册失败
2022/03/25 14:21:05.270  [W] [user_logic.go:33]  login failed
2022/03/25 15:59:10.921  [W] [user_logic.go:33]  login failed
2022/03/25 16:51:55.712  [C] [server.go:188]  ListenAndServe:  http: Server closed 9240
2022/03/26 13:50:39.934  [C] [server.go:188]  ListenAndServe:  http: Server closed 8360
2022/03/26 14:02:39.477  [C] [server.go:188]  ListenAndServe:  http: Server closed 6236
2022/03/27 13:56:35.577  [E] [main.go:130]  init mysql failed, err: register db Ping `default`, dial tcp 127.0.0.1:3306: connectex: No connection could be made because the target machine actively refused it.
2022/03/27 13:58:40.957  [W] [user_logic.go:33]  login failed
2022/03/27 13:59:07.320  [C] [config.go:190]  the request url is  /user/info
2022/03/27 13:59:07.321  [C] [config.go:191]  Handler crashed with error <RawSeter.QueryRows> all args must be use ptr slice
2022/03/27 13:59:07.321  [C] [config.go:197]  D:/go/src/runtime/panic.go:1038
2022/03/27 13:59:07.321  [C] [config.go:197]  C:/Users/admin/go/pkg/mod/github.com/beego/beego/v2@v2.0.1/client/orm/orm_raw.go:455
2022/03/27 13:59:07.321  [C] [config.go:197]  D:/Go_WorkSpace/bee_project/models/user.go:42
2022/03/27 13:59:07.322  [C] [config.go:197]  D:/Go_WorkSpace/bee_project/logics/user_logic.go:39
2022/03/27 13:59:07.322  [C] [config.go:197]  D:/Go_WorkSpace/bee_project/controllers/user_controller.go:46
2022/03/27 13:59:07.323  [C] [config.go:197]  D:/go/src/reflect/value.go:543
2022/03/27 13:59:07.323  [C] [config.go:197]  D:/go/src/reflect/value.go:339
2022/03/27 13:59:07.323  [C] [config.go:197]  C:/Users/admin/go/pkg/mod/github.com/beego/beego/v2@v2.0.1/server/web/router.go:883
2022/03/27 13:59:07.323  [C] [config.go:197]  C:/Users/admin/go/pkg/mod/github.com/beego/beego/v2@v2.0.1/server/web/filter.go:81
2022/03/27 13:59:07.324  [C] [config.go:197]  C:/Users/admin/go/pkg/mod/github.com/beego/beego/v2@v2.0.1/server/web/router.go:664
2022/03/27 13:59:07.324  [C] [config.go:197]  D:/go/src/net/http/server.go:2879
2022/03/27 13:59:07.324  [C] [config.go:197]  D:/go/src/net/http/server.go:1930
2022/03/27 13:59:07.324  [C] [config.go:197]  D:/go/src/runtime/asm_amd64.s:1581
2022/03/27 13:59:53.775  [C] [config.go:190]  the request url is  /user/info
2022/03/27 13:59:53.776  [C] [config.go:191]  Handler crashed with error <RawSeter.QueryRows> all args must be use ptr slice
2022/03/27 13:59:53.779  [C] [config.go:197]  D:/go/src/runtime/panic.go:1038
2022/03/27 13:59:53.785  [C] [config.go:197]  C:/Users/admin/go/pkg/mod/github.com/beego/beego/v2@v2.0.1/client/orm/orm_raw.go:455
2022/03/27 13:59:53.804  [C] [config.go:197]  D:/Go_WorkSpace/bee_project/models/user.go:42
2022/03/27 13:59:53.809  [C] [config.go:197]  D:/Go_WorkSpace/bee_project/logics/user_logic.go:39
2022/03/27 13:59:53.810  [C] [config.go:197]  D:/Go_WorkSpace/bee_project/controllers/user_controller.go:48
2022/03/27 13:59:53.811  [C] [config.go:197]  D:/go/src/reflect/value.go:543
2022/03/27 13:59:53.811  [C] [config.go:197]  D:/go/src/reflect/value.go:339
2022/03/27 13:59:53.812  [C] [config.go:197]  C:/Users/admin/go/pkg/mod/github.com/beego/beego/v2@v2.0.1/server/web/router.go:883
2022/03/27 13:59:53.816  [C] [config.go:197]  C:/Users/admin/go/pkg/mod/github.com/beego/beego/v2@v2.0.1/server/web/filter.go:81
2022/03/27 13:59:53.816  [C] [config.go:197]  C:/Users/admin/go/pkg/mod/github.com/beego/beego/v2@v2.0.1/server/web/router.go:664
2022/03/27 13:59:53.817  [C] [config.go:197]  D:/go/src/net/http/server.go:2879
2022/03/27 13:59:53.818  [C] [config.go:197]  D:/go/src/net/http/server.go:1930
2022/03/27 13:59:53.818  [C] [config.go:197]  D:/go/src/runtime/asm_amd64.s:1581
2022/03/27 14:00:49.121  [C] [config.go:190]  the request url is  /user/info
2022/03/27 14:00:49.121  [C] [config.go:191]  Handler crashed with error <RawSeter.QueryRows> all args must be use ptr slice
2022/03/27 14:00:49.121  [C] [config.go:197]  D:/go/src/runtime/panic.go:1038
2022/03/27 14:00:49.122  [C] [config.go:197]  C:/Users/admin/go/pkg/mod/github.com/beego/beego/v2@v2.0.1/client/orm/orm_raw.go:455
2022/03/27 14:00:49.122  [C] [config.go:197]  D:/Go_WorkSpace/bee_project/models/user.go:42
2022/03/27 14:00:49.123  [C] [config.go:197]  D:/Go_WorkSpace/bee_project/logics/user_logic.go:39
2022/03/27 14:00:49.123  [C] [config.go:197]  D:/Go_WorkSpace/bee_project/controllers/user_controller.go:48
2022/03/27 14:00:49.123  [C] [config.go:197]  D:/go/src/reflect/value.go:543
2022/03/27 14:00:49.123  [C] [config.go:197]  D:/go/src/reflect/value.go:339
2022/03/27 14:00:49.124  [C] [config.go:197]  C:/Users/admin/go/pkg/mod/github.com/beego/beego/v2@v2.0.1/server/web/router.go:883
2022/03/27 14:00:49.124  [C] [config.go:197]  C:/Users/admin/go/pkg/mod/github.com/beego/beego/v2@v2.0.1/server/web/filter.go:81
2022/03/27 14:00:49.124  [C] [config.go:197]  C:/Users/admin/go/pkg/mod/github.com/beego/beego/v2@v2.0.1/server/web/router.go:664
2022/03/27 14:00:49.125  [C] [config.go:197]  D:/go/src/net/http/server.go:2879
2022/03/27 14:00:49.125  [C] [config.go:197]  D:/go/src/net/http/server.go:1930
2022/03/27 14:00:49.125  [C] [config.go:197]  D:/go/src/runtime/asm_amd64.s:1581
2022/03/27 14:04:07.536  [C] [config.go:190]  the request url is  /user/info
2022/03/27 14:04:07.537  [C] [config.go:191]  Handler crashed with error <RawSeter.QueryRows> all args must be use ptr slice
2022/03/27 14:04:07.537  [C] [config.go:197]  D:/go/src/runtime/panic.go:1038
2022/03/27 14:04:07.537  [C] [config.go:197]  C:/Users/admin/go/pkg/mod/github.com/beego/beego/v2@v2.0.1/client/orm/orm_raw.go:455
2022/03/27 14:04:07.537  [C] [config.go:197]  D:/Go_WorkSpace/bee_project/models/user.go:42
2022/03/27 14:04:07.538  [C] [config.go:197]  D:/Go_WorkSpace/bee_project/logics/user_logic.go:39
2022/03/27 14:04:07.538  [C] [config.go:197]  D:/Go_WorkSpace/bee_project/controllers/user_controller.go:50
2022/03/27 14:04:07.538  [C] [config.go:197]  D:/go/src/reflect/value.go:543
2022/03/27 14:04:07.538  [C] [config.go:197]  D:/go/src/reflect/value.go:339
2022/03/27 14:04:07.539  [C] [config.go:197]  C:/Users/admin/go/pkg/mod/github.com/beego/beego/v2@v2.0.1/server/web/router.go:883
2022/03/27 14:04:07.539  [C] [config.go:197]  C:/Users/admin/go/pkg/mod/github.com/beego/beego/v2@v2.0.1/server/web/filter.go:81
2022/03/27 14:04:07.539  [C] [config.go:197]  C:/Users/admin/go/pkg/mod/github.com/beego/beego/v2@v2.0.1/server/web/router.go:664
2022/03/27 14:04:07.539  [C] [config.go:197]  D:/go/src/net/http/server.go:2879
2022/03/27 14:04:07.540  [C] [config.go:197]  D:/go/src/net/http/server.go:1930
2022/03/27 14:04:07.540  [C] [config.go:197]  D:/go/src/runtime/asm_amd64.s:1581
2022/03/27 14:04:36.333  [C] [config.go:190]  the request url is  /user/info
2022/03/27 14:04:36.333  [C] [config.go:191]  Handler crashed with error <RawSeter.QueryRows> all args must be use ptr slice
2022/03/27 14:04:36.334  [C] [config.go:197]  D:/go/src/runtime/panic.go:1038
2022/03/27 14:04:36.334  [C] [config.go:197]  C:/Users/admin/go/pkg/mod/github.com/beego/beego/v2@v2.0.1/client/orm/orm_raw.go:455
2022/03/27 14:04:36.334  [C] [config.go:197]  D:/Go_WorkSpace/bee_project/models/user.go:42
2022/03/27 14:04:36.334  [C] [config.go:197]  D:/Go_WorkSpace/bee_project/logics/user_logic.go:39
2022/03/27 14:04:36.334  [C] [config.go:197]  D:/Go_WorkSpace/bee_project/controllers/user_controller.go:50
2022/03/27 14:04:36.335  [C] [config.go:197]  D:/go/src/reflect/value.go:543
2022/03/27 14:04:36.335  [C] [config.go:197]  D:/go/src/reflect/value.go:339
2022/03/27 14:04:36.335  [C] [config.go:197]  C:/Users/admin/go/pkg/mod/github.com/beego/beego/v2@v2.0.1/server/web/router.go:883
2022/03/27 14:04:36.335  [C] [config.go:197]  C:/Users/admin/go/pkg/mod/github.com/beego/beego/v2@v2.0.1/server/web/filter.go:81
2022/03/27 14:04:36.335  [C] [config.go:197]  C:/Users/admin/go/pkg/mod/github.com/beego/beego/v2@v2.0.1/server/web/router.go:664
2022/03/27 14:04:36.335  [C] [config.go:197]  D:/go/src/net/http/server.go:2879
2022/03/27 14:04:36.335  [C] [config.go:197]  D:/go/src/net/http/server.go:1930
2022/03/27 14:04:36.336  [C] [config.go:197]  D:/go/src/runtime/asm_amd64.s:1581
2022/03/27 14:06:00.674  [C] [config.go:190]  the request url is  /user/info
2022/03/27 14:06:00.675  [C] [config.go:191]  Handler crashed with error <RawSeter.QueryRows> all args must be use ptr slice
2022/03/27 14:06:00.675  [C] [config.go:197]  D:/go/src/runtime/panic.go:1038
2022/03/27 14:06:00.675  [C] [config.go:197]  C:/Users/admin/go/pkg/mod/github.com/beego/beego/v2@v2.0.1/client/orm/orm_raw.go:455
2022/03/27 14:06:00.675  [C] [config.go:197]  D:/Go_WorkSpace/bee_project/models/user.go:42
2022/03/27 14:06:00.676  [C] [config.go:197]  D:/Go_WorkSpace/bee_project/logics/user_logic.go:39
2022/03/27 14:06:00.676  [C] [config.go:197]  D:/Go_WorkSpace/bee_project/controllers/user_controller.go:50
2022/03/27 14:06:00.676  [C] [config.go:197]  D:/go/src/reflect/value.go:543
2022/03/27 14:06:00.676  [C] [config.go:197]  D:/go/src/reflect/value.go:339
2022/03/27 14:06:00.676  [C] [config.go:197]  C:/Users/admin/go/pkg/mod/github.com/beego/beego/v2@v2.0.1/server/web/router.go:883
2022/03/27 14:06:00.677  [C] [config.go:197]  C:/Users/admin/go/pkg/mod/github.com/beego/beego/v2@v2.0.1/server/web/filter.go:81
2022/03/27 14:06:00.677  [C] [config.go:197]  C:/Users/admin/go/pkg/mod/github.com/beego/beego/v2@v2.0.1/server/web/router.go:664
2022/03/27 14:06:00.677  [C] [config.go:197]  D:/go/src/net/http/server.go:2879
2022/03/27 14:06:00.678  [C] [config.go:197]  D:/go/src/net/http/server.go:1930
2022/03/27 14:06:00.678  [C] [config.go:197]  D:/go/src/runtime/asm_amd64.s:1581
2022/03/27 14:07:29.596  [C] [config.go:190]  the request url is  /user/info
2022/03/27 14:07:29.597  [C] [config.go:191]  Handler crashed with error <RawSeter.QueryRows> all args must be use ptr slice
2022/03/27 14:07:29.597  [C] [config.go:197]  D:/go/src/runtime/panic.go:1038
2022/03/27 14:07:29.598  [C] [config.go:197]  C:/Users/admin/go/pkg/mod/github.com/beego/beego/v2@v2.0.1/client/orm/orm_raw.go:455
2022/03/27 14:07:29.598  [C] [config.go:197]  D:/Go_WorkSpace/bee_project/models/user.go:43
2022/03/27 14:07:29.598  [C] [config.go:197]  D:/Go_WorkSpace/bee_project/logics/user_logic.go:39
2022/03/27 14:07:29.598  [C] [config.go:197]  D:/Go_WorkSpace/bee_project/controllers/user_controller.go:50
2022/03/27 14:07:29.599  [C] [config.go:197]  D:/go/src/reflect/value.go:543
2022/03/27 14:07:29.599  [C] [config.go:197]  D:/go/src/reflect/value.go:339
2022/03/27 14:07:29.599  [C] [config.go:197]  C:/Users/admin/go/pkg/mod/github.com/beego/beego/v2@v2.0.1/server/web/router.go:883
2022/03/27 14:07:29.600  [C] [config.go:197]  C:/Users/admin/go/pkg/mod/github.com/beego/beego/v2@v2.0.1/server/web/filter.go:81
2022/03/27 14:07:29.600  [C] [config.go:197]  C:/Users/admin/go/pkg/mod/github.com/beego/beego/v2@v2.0.1/server/web/router.go:664
2022/03/27 14:07:29.600  [C] [config.go:197]  D:/go/src/net/http/server.go:2879
2022/03/27 14:07:29.601  [C] [config.go:197]  D:/go/src/net/http/server.go:1930
2022/03/27 14:07:29.601  [C] [config.go:197]  D:/go/src/runtime/asm_amd64.s:1581
2022/03/27 14:19:33.917  [C] [config.go:190]  the request url is  /user/info
2022/03/27 14:19:33.918  [C] [config.go:191]  Handler crashed with error <RawSeter.QueryRows> all args must be use ptr slice
2022/03/27 14:19:33.918  [C] [config.go:197]  D:/go/src/runtime/panic.go:1038
2022/03/27 14:19:33.918  [C] [config.go:197]  C:/Users/admin/go/pkg/mod/github.com/beego/beego/v2@v2.0.1/client/orm/orm_raw.go:455
2022/03/27 14:19:33.919  [C] [config.go:197]  D:/Go_WorkSpace/bee_project/models/user.go:46
2022/03/27 14:19:33.919  [C] [config.go:197]  D:/Go_WorkSpace/bee_project/logics/user_logic.go:39
2022/03/27 14:19:33.919  [C] [config.go:197]  D:/Go_WorkSpace/bee_project/controllers/user_controller.go:50
2022/03/27 14:19:33.920  [C] [config.go:197]  D:/go/src/reflect/value.go:543
2022/03/27 14:19:33.921  [C] [config.go:197]  D:/go/src/reflect/value.go:339
2022/03/27 14:19:33.921  [C] [config.go:197]  C:/Users/admin/go/pkg/mod/github.com/beego/beego/v2@v2.0.1/server/web/router.go:883
2022/03/27 14:19:33.922  [C] [config.go:197]  C:/Users/admin/go/pkg/mod/github.com/beego/beego/v2@v2.0.1/server/web/filter.go:81
2022/03/27 14:19:33.922  [C] [config.go:197]  C:/Users/admin/go/pkg/mod/github.com/beego/beego/v2@v2.0.1/server/web/router.go:664
2022/03/27 14:19:33.922  [C] [config.go:197]  D:/go/src/net/http/server.go:2879
2022/03/27 14:19:33.923  [C] [config.go:197]  D:/go/src/net/http/server.go:1930
2022/03/27 14:19:33.923  [C] [config.go:197]  D:/go/src/runtime/asm_amd64.s:1581
2022/03/27 14:20:57.171  [C] [config.go:190]  the request url is  /user/info
2022/03/27 14:20:57.172  [C] [config.go:191]  Handler crashed with error <RawSeter.QueryRows> all args must be use ptr slice
2022/03/27 14:20:57.172  [C] [config.go:197]  D:/go/src/runtime/panic.go:1038
2022/03/27 14:20:57.173  [C] [config.go:197]  C:/Users/admin/go/pkg/mod/github.com/beego/beego/v2@v2.0.1/client/orm/orm_raw.go:455
2022/03/27 14:20:57.173  [C] [config.go:197]  D:/Go_WorkSpace/bee_project/models/user.go:46
2022/03/27 14:20:57.173  [C] [config.go:197]  D:/Go_WorkSpace/bee_project/logics/user_logic.go:39
2022/03/27 14:20:57.174  [C] [config.go:197]  D:/Go_WorkSpace/bee_project/controllers/user_controller.go:50
2022/03/27 14:20:57.174  [C] [config.go:197]  D:/go/src/reflect/value.go:543
2022/03/27 14:20:57.174  [C] [config.go:197]  D:/go/src/reflect/value.go:339
2022/03/27 14:20:57.174  [C] [config.go:197]  C:/Users/admin/go/pkg/mod/github.com/beego/beego/v2@v2.0.1/server/web/router.go:883
2022/03/27 14:20:57.175  [C] [config.go:197]  C:/Users/admin/go/pkg/mod/github.com/beego/beego/v2@v2.0.1/server/web/filter.go:81
2022/03/27 14:20:57.175  [C] [config.go:197]  C:/Users/admin/go/pkg/mod/github.com/beego/beego/v2@v2.0.1/server/web/router.go:664
2022/03/27 14:20:57.175  [C] [config.go:197]  D:/go/src/net/http/server.go:2879
2022/03/27 14:20:57.175  [C] [config.go:197]  D:/go/src/net/http/server.go:1930
2022/03/27 14:20:57.176  [C] [config.go:197]  D:/go/src/runtime/asm_amd64.s:1581
2022/03/27 14:24:31.630  [C] [config.go:190]  the request url is  /user/info
2022/03/27 14:24:31.631  [C] [config.go:191]  Handler crashed with error <RawSeter.QueryRows> all args must be use ptr slice
2022/03/27 14:24:31.631  [C] [config.go:197]  D:/go/src/runtime/panic.go:1038
2022/03/27 14:24:31.632  [C] [config.go:197]  C:/Users/admin/go/pkg/mod/github.com/beego/beego/v2@v2.0.1/client/orm/orm_raw.go:455
2022/03/27 14:24:31.632  [C] [config.go:197]  D:/Go_WorkSpace/bee_project/models/user.go:46
2022/03/27 14:24:31.633  [C] [config.go:197]  D:/Go_WorkSpace/bee_project/logics/user_logic.go:39
2022/03/27 14:24:31.633  [C] [config.go:197]  D:/Go_WorkSpace/bee_project/controllers/user_controller.go:50
2022/03/27 14:24:31.633  [C] [config.go:197]  D:/go/src/reflect/value.go:543
2022/03/27 14:24:31.633  [C] [config.go:197]  D:/go/src/reflect/value.go:339
2022/03/27 14:24:31.634  [C] [config.go:197]  C:/Users/admin/go/pkg/mod/github.com/beego/beego/v2@v2.0.1/server/web/router.go:883
2022/03/27 14:24:31.634  [C] [config.go:197]  C:/Users/admin/go/pkg/mod/github.com/beego/beego/v2@v2.0.1/server/web/filter.go:81
2022/03/27 14:24:31.634  [C] [config.go:197]  C:/Users/admin/go/pkg/mod/github.com/beego/beego/v2@v2.0.1/server/web/router.go:664
2022/03/27 14:24:31.635  [C] [config.go:197]  D:/go/src/net/http/server.go:2879
2022/03/27 14:24:31.635  [C] [config.go:197]  D:/go/src/net/http/server.go:1930
2022/03/27 14:24:31.635  [C] [config.go:197]  D:/go/src/runtime/asm_amd64.s:1581
2022/03/27 14:32:44.336  [W] [user_logic.go:41]  get user info failed
2022/03/27 14:33:33.610  [W] [user_logic.go:41]  get user info failed
2022/03/27 14:33:37.775  [W] [user_logic.go:41]  get user info failed
2022/03/27 14:34:51.036  [W] [user_logic.go:41]  get user info failed
2022/03/27 15:21:57.540  [C] [server.go:188]  ListenAndServe:  http: Server closed 14304
2022/03/27 15:24:25.521  [C] [server.go:188]  ListenAndServe:  http: Server closed 1904
2022/03/27 15:29:01.461  [C] [server.go:188]  ListenAndServe:  http: Server closed 12564
2022/03/27 15:33:54.547  [C] [server.go:188]  ListenAndServe:  http: Server closed 12116
2022/03/27 15:36:10.205  [C] [server.go:188]  ListenAndServe:  http: Server closed 2844
2022/03/27 15:36:54.693  [C] [server.go:188]  ListenAndServe:  http: Server closed 3488
2022/03/27 15:39:15.567  [C] [server.go:188]  ListenAndServe:  http: Server closed 9920
2022/03/27 15:46:14.696  [C] [server.go:188]  ListenAndServe:  http: Server closed 1636
2022/03/27 16:07:41.526  [W] [user_logic.go:21]  用户名重复，注册失败
2022/03/27 16:10:22.036  [W] [user_logic.go:21]  用户名重复，注册失败
2022/03/27 16:10:41.585  [W] [user_logic.go:21]  用户名重复，注册失败
2022/03/27 16:14:45.140  [C] [server.go:188]  ListenAndServe:  http: Server closed 10948
2022/03/27 16:16:49.802  [W] [user_logic.go:21]  用户名重复，注册失败
2022/03/27 16:19:18.531  [W] [user_logic.go:21]  用户名重复，注册失败
2022/03/27 16:19:19.581  [W] [user_logic.go:21]  用户名重复，注册失败
2022/03/27 16:21:09.297  [W] [user_logic.go:33]  login failed
2022/03/27 16:27:23.411  [W] [user_logic.go:41]  get user info failed
2022/03/27 16:56:25.270  [C] [server.go:188]  ListenAndServe:  http: Server closed 7632
2022/03/27 20:28:46.971  [C] [server.go:188]  ListenAndServe:  http: Server closed 18244
2022/03/28 19:07:57.086  [E] [main.go:130]  init mysql failed, err: register db Ping `default`, dial tcp 127.0.0.1:3306: connectex: No connection could be made because the target machine actively refused it.
2022/03/28 19:11:03.038  [C] [server.go:188]  ListenAndServe:  http: Server closed 9988
2022/03/28 19:14:23.410  [C] [server.go:188]  ListenAndServe:  http: Server closed 11516
2022/03/28 19:14:58.159  [C] [server.go:188]  ListenAndServe:  http: Server closed 8156
2022/03/28 19:16:49.400  [C] [server.go:188]  ListenAndServe:  http: Server closed 13768
2022/03/28 19:17:28.131  [C] [server.go:188]  ListenAndServe:  http: Server closed 12176
2022/03/28 20:16:25.070  [C] [server.go:188]  ListenAndServe:  http: Server closed 12668
2022/03/29 13:25:55.527  [E] [main.go:130]  init mysql failed, err: register db Ping `default`, dial tcp 127.0.0.1:3306: connectex: No connection could be made because the target machine actively refused it.
2022/03/29 13:26:33.636  [W] [user_logic.go:41]  user not login
2022/03/29 13:52:40.463  [C] [server.go:188]  ListenAndServe:  http: Server closed 7232
2022/03/29 21:13:58.850  [E] [main.go:130]  init mysql failed, err: register db Ping `default`, invalid connection
2022/03/29 21:14:04.474  [E] [main.go:130]  init mysql failed, err: register db Ping `default`, dial tcp 127.0.0.1:3306: connectex: No connection could be made because the target machine actively refused it.
2022/03/29 21:14:56.422  [W] [user_logic.go:41]  user not login
2022/03/29 21:15:08.192  [W] [user_logic.go:41]  user not login
2022/03/29 21:16:13.539  [W] [user_logic.go:41]  user not login
2022/03/29 22:48:09.466  [C] [server.go:188]  ListenAndServe:  http: Server closed 15984
2022/03/31 15:01:37.925  [E] [main.go:130]  init mysql failed, err: register db Ping `default`, invalid connection
2022/03/31 15:05:19.245  [W] [user_logic.go:41]  user not login
2022/03/31 15:05:23.152  [W] [user_logic.go:41]  user not login
2022/03/31 15:09:59.586  [W] [user_logic.go:41]  user not login
2022/03/31 15:14:16.498  [W] [user_logic.go:42]  user not login
2022/03/31 15:23:17.242  [C] [server.go:188]  ListenAndServe:  http: Server closed 8944
2022/03/31 15:27:02.399  [W] [user_logic.go:41]  user not login
2022/03/31 19:34:52.325  [C] [server.go:188]  ListenAndServe:  http: Server closed 10136
2022/03/31 19:42:55.162  [C] [server.go:188]  ListenAndServe:  http: Server closed 10644
2022/03/27 16:56:25.270  [C] [server.go:188]  ListenAndServe:  http: Server closed 7632
2022/03/27 20:28:46.971  [C] [server.go:188]  ListenAndServe:  http: Server closed 18244
2022/03/28 19:07:57.086  [E] [main.go:130]  init mysql failed, err: register db Ping `default`, dial tcp 127.0.0.1:3306: connectex: No connection could be made because the target machine actively refused it.
2022/03/28 19:11:03.038  [C] [server.go:188]  ListenAndServe:  http: Server closed 9988
2022/03/28 19:14:23.410  [C] [server.go:188]  ListenAndServe:  http: Server closed 11516
2022/03/28 19:14:58.159  [C] [server.go:188]  ListenAndServe:  http: Server closed 8156
2022/03/28 19:16:49.400  [C] [server.go:188]  ListenAndServe:  http: Server closed 13768
2022/03/28 19:17:28.131  [C] [server.go:188]  ListenAndServe:  http: Server closed 12176
2022/03/28 20:16:25.070  [C] [server.go:188]  ListenAndServe:  http: Server closed 12668
2022/03/29 13:25:55.527  [E] [main.go:130]  init mysql failed, err: register db Ping `default`, dial tcp 127.0.0.1:3306: connectex: No connection could be made because the target machine actively refused it.
2022/03/29 13:26:33.636  [W] [user_logic.go:41]  user not login
2022/03/29 13:52:40.463  [C] [server.go:188]  ListenAndServe:  http: Server closed 7232
2022/03/29 21:13:58.850  [E] [main.go:130]  init mysql failed, err: register db Ping `default`, invalid connection
2022/03/29 21:14:04.474  [E] [main.go:130]  init mysql failed, err: register db Ping `default`, dial tcp 127.0.0.1:3306: connectex: No connection could be made because the target machine actively refused it.
2022/03/29 21:14:56.422  [W] [user_logic.go:41]  user not login
2022/03/29 21:15:08.192  [W] [user_logic.go:41]  user not login
2022/03/29 21:16:13.539  [W] [user_logic.go:41]  user not login
2022/03/29 22:48:09.466  [C] [server.go:188]  ListenAndServe:  http: Server closed 15984
2022/03/31 15:01:37.925  [E] [main.go:130]  init mysql failed, err: register db Ping `default`, invalid connection
2022/03/31 15:05:19.245  [W] [user_logic.go:41]  user not login
2022/03/31 15:05:23.152  [W] [user_logic.go:41]  user not login
2022/03/31 15:09:59.586  [W] [user_logic.go:41]  user not login
2022/03/31 15:14:16.498  [W] [user_logic.go:42]  user not login
2022/03/31 15:23:17.242  [C] [server.go:188]  ListenAndServe:  http: Server closed 8944
2022/03/31 15:27:02.399  [W] [user_logic.go:41]  user not login
2022/03/31 19:34:52.325  [C] [server.go:188]  ListenAndServe:  http: Server closed 10136
2022/03/31 19:42:55.162  [C] [server.go:188]  ListenAndServe:  http: Server closed 10644
2022/04/01 19:27:00.996  [C] [server.go:188]  ListenAndServe:  http: Server closed 17556
2022/04/01 19:27:36.836  [C] [server.go:188]  ListenAndServe:  http: Server closed 7196
2022/04/01 19:35:00.318  [W] [user_logic.go:37]  login failed
2022/04/01 19:35:16.203  [W] [user_logic.go:37]  login failed
2022/04/01 19:41:16.230  [W] [user_logic.go:20]  用户名重复，注册失败
2022/04/01 19:58:16.777  [C] [config.go:190]  the request url is  /user/info
2022/04/01 19:58:16.778  [C] [config.go:191]  Handler crashed with error interface conversion: interface {} is nil, not string
2022/04/01 19:58:16.778  [C] [config.go:197]  D:/go/src/runtime/panic.go:1038
2022/04/01 19:58:16.778  [C] [config.go:197]  D:/go/src/runtime/iface.go:261
2022/04/01 19:58:16.778  [C] [config.go:197]  C:/Users/admin/Desktop/plant_store-feature-master-lqj/controllers/user_controller.go:69
2022/04/01 19:58:16.779  [C] [config.go:197]  D:/go/src/reflect/value.go:543
2022/04/01 19:58:16.779  [C] [config.go:197]  D:/go/src/reflect/value.go:339
2022/04/01 19:58:16.779  [C] [config.go:197]  C:/Users/admin/go/pkg/mod/github.com/beego/beego/v2@v2.0.1/server/web/router.go:883
2022/04/01 19:58:16.780  [C] [config.go:197]  C:/Users/admin/go/pkg/mod/github.com/beego/beego/v2@v2.0.1/server/web/filter.go:81
2022/04/01 19:58:16.780  [C] [config.go:197]  C:/Users/admin/go/pkg/mod/github.com/beego/beego/v2@v2.0.1/server/web/router.go:664
2022/04/01 19:58:16.780  [C] [config.go:197]  D:/go/src/net/http/server.go:2879
2022/04/01 19:58:16.780  [C] [config.go:197]  D:/go/src/net/http/server.go:1930
2022/04/01 19:58:16.781  [C] [config.go:197]  D:/go/src/runtime/asm_amd64.s:1581
2022/04/01 19:58:20.675  [C] [config.go:190]  the request url is  /user/info
2022/04/01 19:58:20.675  [C] [config.go:191]  Handler crashed with error interface conversion: interface {} is nil, not string
2022/04/01 19:58:20.675  [C] [config.go:197]  D:/go/src/runtime/panic.go:1038
2022/04/01 19:58:20.675  [C] [config.go:197]  D:/go/src/runtime/iface.go:261
2022/04/01 19:58:20.676  [C] [config.go:197]  C:/Users/admin/Desktop/plant_store-feature-master-lqj/controllers/user_controller.go:69
2022/04/01 19:58:20.676  [C] [config.go:197]  D:/go/src/reflect/value.go:543
2022/04/01 19:58:20.676  [C] [config.go:197]  D:/go/src/reflect/value.go:339
2022/04/01 19:58:20.676  [C] [config.go:197]  C:/Users/admin/go/pkg/mod/github.com/beego/beego/v2@v2.0.1/server/web/router.go:883
2022/04/01 19:58:20.677  [C] [config.go:197]  C:/Users/admin/go/pkg/mod/github.com/beego/beego/v2@v2.0.1/server/web/filter.go:81
2022/04/01 19:58:20.677  [C] [config.go:197]  C:/Users/admin/go/pkg/mod/github.com/beego/beego/v2@v2.0.1/server/web/router.go:664
2022/04/01 19:58:20.677  [C] [config.go:197]  D:/go/src/net/http/server.go:2879
2022/04/01 19:58:20.678  [C] [config.go:197]  D:/go/src/net/http/server.go:1930
2022/04/01 19:58:20.678  [C] [config.go:197]  D:/go/src/runtime/asm_amd64.s:1581
2022/04/01 19:58:21.338  [C] [config.go:190]  the request url is  /user/info
2022/04/01 19:58:21.338  [C] [config.go:191]  Handler crashed with error interface conversion: interface {} is nil, not string
2022/04/01 19:58:21.338  [C] [config.go:197]  D:/go/src/runtime/panic.go:1038
2022/04/01 19:58:21.339  [C] [config.go:197]  D:/go/src/runtime/iface.go:261
2022/04/01 19:58:21.339  [C] [config.go:197]  C:/Users/admin/Desktop/plant_store-feature-master-lqj/controllers/user_controller.go:69
2022/04/01 19:58:21.339  [C] [config.go:197]  D:/go/src/reflect/value.go:543
2022/04/01 19:58:21.339  [C] [config.go:197]  D:/go/src/reflect/value.go:339
2022/04/01 19:58:21.340  [C] [config.go:197]  C:/Users/admin/go/pkg/mod/github.com/beego/beego/v2@v2.0.1/server/web/router.go:883
2022/04/01 19:58:21.340  [C] [config.go:197]  C:/Users/admin/go/pkg/mod/github.com/beego/beego/v2@v2.0.1/server/web/filter.go:81
2022/04/01 19:58:21.340  [C] [config.go:197]  C:/Users/admin/go/pkg/mod/github.com/beego/beego/v2@v2.0.1/server/web/router.go:664
2022/04/01 19:58:21.340  [C] [config.go:197]  D:/go/src/net/http/server.go:2879
2022/04/01 19:58:21.341  [C] [config.go:197]  D:/go/src/net/http/server.go:1930
2022/04/01 19:58:21.341  [C] [config.go:197]  D:/go/src/runtime/asm_amd64.s:1581
2022/04/01 19:58:21.877  [C] [config.go:190]  the request url is  /user/info
2022/04/01 19:58:21.877  [C] [config.go:191]  Handler crashed with error interface conversion: interface {} is nil, not string
2022/04/01 19:58:21.878  [C] [config.go:197]  D:/go/src/runtime/panic.go:1038
2022/04/01 19:58:21.878  [C] [config.go:197]  D:/go/src/runtime/iface.go:261
2022/04/01 19:58:21.879  [C] [config.go:197]  C:/Users/admin/Desktop/plant_store-feature-master-lqj/controllers/user_controller.go:69
2022/04/01 19:58:21.879  [C] [config.go:197]  D:/go/src/reflect/value.go:543
2022/04/01 19:58:21.880  [C] [config.go:197]  D:/go/src/reflect/value.go:339
2022/04/01 19:58:21.880  [C] [config.go:197]  C:/Users/admin/go/pkg/mod/github.com/beego/beego/v2@v2.0.1/server/web/router.go:883
2022/04/01 19:58:21.881  [C] [config.go:197]  C:/Users/admin/go/pkg/mod/github.com/beego/beego/v2@v2.0.1/server/web/filter.go:81
2022/04/01 19:58:21.884  [C] [config.go:197]  C:/Users/admin/go/pkg/mod/github.com/beego/beego/v2@v2.0.1/server/web/router.go:664
2022/04/01 19:58:21.884  [C] [config.go:197]  D:/go/src/net/http/server.go:2879
2022/04/01 19:58:21.885  [C] [config.go:197]  D:/go/src/net/http/server.go:1930
2022/04/01 19:58:21.885  [C] [config.go:197]  D:/go/src/runtime/asm_amd64.s:1581
2022/04/01 19:58:22.324  [C] [config.go:190]  the request url is  /user/info
2022/04/01 19:58:22.324  [C] [config.go:191]  Handler crashed with error interface conversion: interface {} is nil, not string
2022/04/01 19:58:22.325  [C] [config.go:197]  D:/go/src/runtime/panic.go:1038
2022/04/01 19:58:22.325  [C] [config.go:197]  D:/go/src/runtime/iface.go:261
2022/04/01 19:58:22.325  [C] [config.go:197]  C:/Users/admin/Desktop/plant_store-feature-master-lqj/controllers/user_controller.go:69
2022/04/01 19:58:22.326  [C] [config.go:197]  D:/go/src/reflect/value.go:543
2022/04/01 19:58:22.326  [C] [config.go:197]  D:/go/src/reflect/value.go:339
2022/04/01 19:58:22.326  [C] [config.go:197]  C:/Users/admin/go/pkg/mod/github.com/beego/beego/v2@v2.0.1/server/web/router.go:883
2022/04/01 19:58:22.326  [C] [config.go:197]  C:/Users/admin/go/pkg/mod/github.com/beego/beego/v2@v2.0.1/server/web/filter.go:81
2022/04/01 19:58:22.327  [C] [config.go:197]  C:/Users/admin/go/pkg/mod/github.com/beego/beego/v2@v2.0.1/server/web/router.go:664
2022/04/01 19:58:22.327  [C] [config.go:197]  D:/go/src/net/http/server.go:2879
2022/04/01 19:58:22.327  [C] [config.go:197]  D:/go/src/net/http/server.go:1930
2022/04/01 19:58:22.327  [C] [config.go:197]  D:/go/src/runtime/asm_amd64.s:1581
2022/04/01 19:58:23.256  [C] [config.go:190]  the request url is  /user/info
2022/04/01 19:58:23.257  [C] [config.go:191]  Handler crashed with error interface conversion: interface {} is nil, not string
2022/04/01 19:58:23.258  [C] [config.go:197]  D:/go/src/runtime/panic.go:1038
2022/04/01 19:58:23.258  [C] [config.go:197]  D:/go/src/runtime/iface.go:261
2022/04/01 19:58:23.258  [C] [config.go:197]  C:/Users/admin/Desktop/plant_store-feature-master-lqj/controllers/user_controller.go:69
2022/04/01 19:58:23.259  [C] [config.go:197]  D:/go/src/reflect/value.go:543
2022/04/01 19:58:23.259  [C] [config.go:197]  D:/go/src/reflect/value.go:339
2022/04/01 19:58:23.259  [C] [config.go:197]  C:/Users/admin/go/pkg/mod/github.com/beego/beego/v2@v2.0.1/server/web/router.go:883
2022/04/01 19:58:23.259  [C] [config.go:197]  C:/Users/admin/go/pkg/mod/github.com/beego/beego/v2@v2.0.1/server/web/filter.go:81
2022/04/01 19:58:23.259  [C] [config.go:197]  C:/Users/admin/go/pkg/mod/github.com/beego/beego/v2@v2.0.1/server/web/router.go:664
2022/04/01 19:58:23.260  [C] [config.go:197]  D:/go/src/net/http/server.go:2879
2022/04/01 19:58:23.260  [C] [config.go:197]  D:/go/src/net/http/server.go:1930
2022/04/01 19:58:23.260  [C] [config.go:197]  D:/go/src/runtime/asm_amd64.s:1581
2022/04/01 19:58:25.608  [C] [config.go:190]  the request url is  /user/info
2022/04/01 19:58:25.608  [C] [config.go:191]  Handler crashed with error interface conversion: interface {} is nil, not string
2022/04/01 19:58:25.609  [C] [config.go:197]  D:/go/src/runtime/panic.go:1038
2022/04/01 19:58:25.609  [C] [config.go:197]  D:/go/src/runtime/iface.go:261
2022/04/01 19:58:25.609  [C] [config.go:197]  C:/Users/admin/Desktop/plant_store-feature-master-lqj/controllers/user_controller.go:69
2022/04/01 19:58:25.610  [C] [config.go:197]  D:/go/src/reflect/value.go:543
2022/04/01 19:58:25.610  [C] [config.go:197]  D:/go/src/reflect/value.go:339
2022/04/01 19:58:25.610  [C] [config.go:197]  C:/Users/admin/go/pkg/mod/github.com/beego/beego/v2@v2.0.1/server/web/router.go:883
2022/04/01 19:58:25.611  [C] [config.go:197]  C:/Users/admin/go/pkg/mod/github.com/beego/beego/v2@v2.0.1/server/web/filter.go:81
2022/04/01 19:58:25.611  [C] [config.go:197]  C:/Users/admin/go/pkg/mod/github.com/beego/beego/v2@v2.0.1/server/web/router.go:664
2022/04/01 19:58:25.611  [C] [config.go:197]  D:/go/src/net/http/server.go:2879
2022/04/01 19:58:25.612  [C] [config.go:197]  D:/go/src/net/http/server.go:1930
2022/04/01 19:58:25.612  [C] [config.go:197]  D:/go/src/runtime/asm_amd64.s:1581
2022/04/01 19:58:26.274  [C] [config.go:190]  the request url is  /user/info
2022/04/01 19:58:26.275  [C] [config.go:191]  Handler crashed with error interface conversion: interface {} is nil, not string
2022/04/01 19:58:26.275  [C] [config.go:197]  D:/go/src/runtime/panic.go:1038
2022/04/01 19:58:26.275  [C] [config.go:197]  D:/go/src/runtime/iface.go:261
2022/04/01 19:58:26.276  [C] [config.go:197]  C:/Users/admin/Desktop/plant_store-feature-master-lqj/controllers/user_controller.go:69
2022/04/01 19:58:26.276  [C] [config.go:197]  D:/go/src/reflect/value.go:543
2022/04/01 19:58:26.276  [C] [config.go:197]  D:/go/src/reflect/value.go:339
2022/04/01 19:58:26.277  [C] [config.go:197]  C:/Users/admin/go/pkg/mod/github.com/beego/beego/v2@v2.0.1/server/web/router.go:883
2022/04/01 19:58:26.277  [C] [config.go:197]  C:/Users/admin/go/pkg/mod/github.com/beego/beego/v2@v2.0.1/server/web/filter.go:81
2022/04/01 19:58:26.277  [C] [config.go:197]  C:/Users/admin/go/pkg/mod/github.com/beego/beego/v2@v2.0.1/server/web/router.go:664
2022/04/01 19:58:26.278  [C] [config.go:197]  D:/go/src/net/http/server.go:2879
2022/04/01 19:58:26.278  [C] [config.go:197]  D:/go/src/net/http/server.go:1930
2022/04/01 19:58:26.278  [C] [config.go:197]  D:/go/src/runtime/asm_amd64.s:1581
2022/04/01 19:58:26.937  [C] [config.go:190]  the request url is  /user/info
2022/04/01 19:58:26.937  [C] [config.go:191]  Handler crashed with error interface conversion: interface {} is nil, not string
2022/04/01 19:58:26.937  [C] [config.go:197]  D:/go/src/runtime/panic.go:1038
2022/04/01 19:58:26.938  [C] [config.go:197]  D:/go/src/runtime/iface.go:261
2022/04/01 19:58:26.938  [C] [config.go:197]  C:/Users/admin/Desktop/plant_store-feature-master-lqj/controllers/user_controller.go:69
2022/04/01 19:58:26.939  [C] [config.go:197]  D:/go/src/reflect/value.go:543
2022/04/01 19:58:26.939  [C] [config.go:197]  D:/go/src/reflect/value.go:339
2022/04/01 19:58:26.939  [C] [config.go:197]  C:/Users/admin/go/pkg/mod/github.com/beego/beego/v2@v2.0.1/server/web/router.go:883
2022/04/01 19:58:26.939  [C] [config.go:197]  C:/Users/admin/go/pkg/mod/github.com/beego/beego/v2@v2.0.1/server/web/filter.go:81
2022/04/01 19:58:26.940  [C] [config.go:197]  C:/Users/admin/go/pkg/mod/github.com/beego/beego/v2@v2.0.1/server/web/router.go:664
2022/04/01 19:58:26.940  [C] [config.go:197]  D:/go/src/net/http/server.go:2879
2022/04/01 19:58:26.940  [C] [config.go:197]  D:/go/src/net/http/server.go:1930
2022/04/01 19:58:26.940  [C] [config.go:197]  D:/go/src/runtime/asm_amd64.s:1581
2022/04/01 20:00:26.547  [C] [server.go:188]  ListenAndServe:  http: Server closed 9984
2022/04/01 20:00:38.984  [C] [config.go:190]  the request url is  /user/info
2022/04/01 20:00:38.985  [C] [config.go:191]  Handler crashed with error interface conversion: interface {} is nil, not string
2022/04/01 20:00:38.985  [C] [config.go:197]  D:/go/src/runtime/panic.go:1038
2022/04/01 20:00:38.985  [C] [config.go:197]  D:/go/src/runtime/iface.go:261
2022/04/01 20:00:38.986  [C] [config.go:197]  C:/Users/admin/Desktop/plant_store-feature-master-lqj/controllers/user_controller.go:69
2022/04/01 20:00:38.987  [C] [config.go:197]  D:/go/src/reflect/value.go:543
2022/04/01 20:00:38.987  [C] [config.go:197]  D:/go/src/reflect/value.go:339
2022/04/01 20:00:38.987  [C] [config.go:197]  C:/Users/admin/go/pkg/mod/github.com/beego/beego/v2@v2.0.1/server/web/router.go:883
2022/04/01 20:00:38.988  [C] [config.go:197]  C:/Users/admin/go/pkg/mod/github.com/beego/beego/v2@v2.0.1/server/web/filter.go:81
2022/04/01 20:00:38.989  [C] [config.go:197]  C:/Users/admin/go/pkg/mod/github.com/beego/beego/v2@v2.0.1/server/web/router.go:664
2022/04/01 20:00:38.989  [C] [config.go:197]  D:/go/src/net/http/server.go:2879
2022/04/01 20:00:38.989  [C] [config.go:197]  D:/go/src/net/http/server.go:1930
2022/04/01 20:00:38.990  [C] [config.go:197]  D:/go/src/runtime/asm_amd64.s:1581
2022/04/01 22:10:34.488  [C] [server.go:188]  ListenAndServe:  http: Server closed 13516
2022/04/06 14:44:36.961  [W] [base_controller.go:92]  unmarshal request body failed, err: invalid character 'u' looking for beginning of value
2022/04/06 14:44:36.962  [W] [base_controller.go:67]  parse err: invalid character 'u' looking for beginning of value
2022/04/06 14:46:14.664  [W] [base_controller.go:92]  unmarshal request body failed, err: json: cannot unmarshal string into Go value of type messages.UserRegisterReq
2022/04/06 14:46:14.665  [W] [base_controller.go:67]  parse err: json: cannot unmarshal string into Go value of type messages.UserRegisterReq
2022/04/06 14:46:20.936  [W] [base_controller.go:92]  unmarshal request body failed, err: json: cannot unmarshal string into Go value of type messages.UserRegisterReq
2022/04/06 14:46:20.936  [W] [base_controller.go:67]  parse err: json: cannot unmarshal string into Go value of type messages.UserRegisterReq
2022/04/06 14:49:19.473  [W] [base_controller.go:92]  unmarshal request body failed, err: json: cannot unmarshal string into Go value of type messages.UserRegisterReq
2022/04/06 14:49:19.474  [W] [base_controller.go:67]  parse err: json: cannot unmarshal string into Go value of type messages.UserRegisterReq
2022/04/06 14:50:07.197  [W] [base_controller.go:92]  unmarshal request body failed, err: json: cannot unmarshal string into Go value of type messages.UserRegisterReq
2022/04/06 14:50:07.198  [W] [base_controller.go:67]  parse err: json: cannot unmarshal string into Go value of type messages.UserRegisterReq
2022/04/06 14:50:49.390  [W] [base_controller.go:92]  unmarshal request body failed, err: json: cannot unmarshal string into Go value of type messages.UserRegisterReq
2022/04/06 14:50:49.390  [W] [base_controller.go:67]  parse err: json: cannot unmarshal string into Go value of type messages.UserRegisterReq
2022/04/06 14:51:32.202  [W] [base_controller.go:92]  unmarshal request body failed, err: json: cannot unmarshal string into Go value of type messages.UserRegisterReq
2022/04/06 14:51:32.203  [W] [base_controller.go:67]  parse err: json: cannot unmarshal string into Go value of type messages.UserRegisterReq
2022/04/06 14:51:44.342  [W] [base_controller.go:92]  unmarshal request body failed, err: json: cannot unmarshal string into Go value of type messages.UserRegisterReq
2022/04/06 14:51:44.343  [W] [base_controller.go:67]  parse err: json: cannot unmarshal string into Go value of type messages.UserRegisterReq
2022/04/06 14:51:46.041  [W] [base_controller.go:92]  unmarshal request body failed, err: json: cannot unmarshal string into Go value of type messages.UserRegisterReq
2022/04/06 14:51:46.042  [W] [base_controller.go:67]  parse err: json: cannot unmarshal string into Go value of type messages.UserRegisterReq
2022/04/06 15:12:01.140  [W] [base_controller.go:92]  unmarshal request body failed, err: invalid character 'u' looking for beginning of value
2022/04/06 15:12:01.141  [W] [base_controller.go:67]  parse err: invalid character 'u' looking for beginning of value
2022/04/06 15:13:19.347  [W] [base_controller.go:92]  unmarshal request body failed, err: json: cannot unmarshal string into Go value of type messages.UserRegisterReq
2022/04/06 15:13:19.348  [W] [base_controller.go:67]  parse err: json: cannot unmarshal string into Go value of type messages.UserRegisterReq
2022/04/06 15:14:32.082  [W] [base_controller.go:92]  unmarshal request body failed, err: json: cannot unmarshal string into Go value of type messages.UserRegisterReq
2022/04/06 15:14:32.083  [W] [base_controller.go:67]  parse err: json: cannot unmarshal string into Go value of type messages.UserRegisterReq
2022/04/06 15:15:14.148  [W] [base_controller.go:92]  unmarshal request body failed, err: json: cannot unmarshal string into Go value of type messages.UserRegisterReq
2022/04/06 15:15:14.149  [W] [base_controller.go:67]  parse err: json: cannot unmarshal string into Go value of type messages.UserRegisterReq
2022/04/06 15:15:17.058  [W] [base_controller.go:92]  unmarshal request body failed, err: json: cannot unmarshal string into Go value of type messages.UserRegisterReq
2022/04/06 15:15:17.059  [W] [base_controller.go:67]  parse err: json: cannot unmarshal string into Go value of type messages.UserRegisterReq
2022/04/06 15:21:02.595  [W] [base_controller.go:92]  unmarshal request body failed, err: invalid character '"' after object key:value pair
2022/04/06 15:21:02.596  [W] [base_controller.go:67]  parse err: invalid character '"' after object key:value pair
2022/04/06 15:21:11.804  [W] [base_controller.go:92]  unmarshal request body failed, err: invalid character '"' after object key:value pair
2022/04/06 15:21:11.804  [W] [base_controller.go:67]  parse err: invalid character '"' after object key:value pair
2022/04/06 15:21:21.454  [W] [base_controller.go:92]  unmarshal request body failed, err: invalid character '"' after object key:value pair
2022/04/06 15:21:21.454  [W] [base_controller.go:67]  parse err: invalid character '"' after object key:value pair
2022/04/06 15:21:23.925  [W] [base_controller.go:92]  unmarshal request body failed, err: invalid character '"' after object key:value pair
2022/04/06 15:21:23.926  [W] [base_controller.go:67]  parse err: invalid character '"' after object key:value pair
2022/04/06 15:21:24.968  [W] [base_controller.go:92]  unmarshal request body failed, err: invalid character '"' after object key:value pair
2022/04/06 15:21:24.968  [W] [base_controller.go:67]  parse err: invalid character '"' after object key:value pair
2022/04/06 15:21:42.971  [W] [base_controller.go:92]  unmarshal request body failed, err: invalid character '"' after object key:value pair
2022/04/06 15:21:42.972  [W] [base_controller.go:67]  parse err: invalid character '"' after object key:value pair
2022/04/06 15:39:24.953  [C] [server.go:188]  ListenAndServe:  http: Server closed 15928
2022/04/07 22:06:51.228  [W] [user_logic.go:41]  login failed
2022/04/07 22:12:44.227  [W] [base_controller.go:92]  unmarshal request body failed, err: invalid character 'u' looking for beginning of value
2022/04/07 22:12:44.227  [W] [base_controller.go:67]  parse err: invalid character 'u' looking for beginning of value
2022/04/07 22:53:07.906  [C] [server.go:188]  ListenAndServe:  http: Server closed 7136
2022/04/09 16:58:40.906  [E] [main.go:123]  init mysql failed, err: register db Ping `default`, invalid connection
2022/04/09 16:58:45.974  [E] [main.go:123]  init mysql failed, err: register db Ping `default`, dial tcp 127.0.0.1:3306: connectex: No connection could be made because the target machine actively refused it.
2022/04/09 18:08:59.391  [C] [server.go:188]  ListenAndServe:  http: Server closed 6612
2022/04/09 19:49:53.820  [C] [server.go:188]  ListenAndServe:  http: Server closed 17476
2022/04/09 21:51:21.207  [C] [server.go:188]  ListenAndServe:  http: Server closed 11576
2022/04/09 21:55:37.516  [C] [server.go:188]  ListenAndServe:  http: Server closed 2912
2022/04/09 22:06:20.088  [C] [server.go:188]  ListenAndServe:  http: Server closed 16788
2022/04/11 10:44:45.258  [C] [server.go:188]  ListenAndServe:  http: Server closed 15332
2022/04/11 10:47:48.127  [C] [server.go:188]  ListenAndServe:  http: Server closed 17152
2022/04/11 11:13:38.352  [C] [server.go:188]  ListenAndServe:  http: Server closed 1148
2022/04/13 11:09:05.477  [W] [user_logic.go:41]  login failed
2022/04/13 11:32:25.357  [C] [server.go:188]  ListenAndServe:  http: Server closed 10640
2022/04/14 16:21:13.522  [C] [server.go:188]  ListenAndServe:  http: Server closed 9408
2022/04/15 13:57:08.906  [W] [user_logic.go:42]  login failed
2022/04/15 14:24:25.212  [C] [server.go:188]  ListenAndServe:  http: Server closed 12884
2022/04/15 17:38:32.596  [E] [main.go:123]  init mysql failed, err: register db Ping `default`, dial tcp 127.0.0.1:3306: connectex: No connection could be made because the target machine actively refused it.
2022/04/15 17:40:30.035  [C] [server.go:188]  ListenAndServe:  http: Server closed 12516
2022/04/15 18:12:35.596  [C] [server.go:188]  ListenAndServe:  http: Server closed 3240
2022/04/16 13:04:44.159  [C] [config.go:190]  the request url is  /cart/delete
2022/04/16 13:04:44.159  [C] [config.go:191]  Handler crashed with error <Ormer> table: `.int` not found, make sure it was registered with `RegisterModel()`
2022/04/16 13:04:44.160  [C] [config.go:197]  D:/go/src/runtime/panic.go:1038
2022/04/16 13:04:44.160  [C] [config.go:197]  C:/Users/admin/go/pkg/mod/github.com/beego/beego/v2@v2.0.1/client/orm/orm.go:120
2022/04/16 13:04:44.160  [C] [config.go:197]  C:/Users/admin/go/pkg/mod/github.com/beego/beego/v2@v2.0.1/client/orm/orm.go:273
2022/04/16 13:04:44.161  [C] [config.go:197]  C:/Users/admin/go/pkg/mod/github.com/beego/beego/v2@v2.0.1/client/orm/orm.go:270
2022/04/16 13:04:44.161  [C] [config.go:197]  C:/Users/admin/Desktop/plant_store-feature-master-lqj/models/cart.go:40
2022/04/16 13:04:44.161  [C] [config.go:197]  C:/Users/admin/Desktop/plant_store-feature-master-lqj/logics/cart_logic.go:50
2022/04/16 13:04:44.161  [C] [config.go:197]  C:/Users/admin/Desktop/plant_store-feature-master-lqj/controllers/cart_controller.go:64
2022/04/16 13:04:44.163  [C] [config.go:197]  D:/go/src/reflect/value.go:543
2022/04/16 13:04:44.164  [C] [config.go:197]  D:/go/src/reflect/value.go:339
2022/04/16 13:04:44.164  [C] [config.go:197]  C:/Users/admin/go/pkg/mod/github.com/beego/beego/v2@v2.0.1/server/web/router.go:883
2022/04/16 13:04:44.165  [C] [config.go:197]  C:/Users/admin/go/pkg/mod/github.com/beego/beego/v2@v2.0.1/server/web/filter.go:81
2022/04/16 13:04:44.166  [C] [config.go:197]  C:/Users/admin/go/pkg/mod/github.com/beego/beego/v2@v2.0.1/server/web/router.go:664
2022/04/16 13:04:44.166  [C] [config.go:197]  D:/go/src/net/http/server.go:2879
2022/04/16 13:04:44.166  [C] [config.go:197]  D:/go/src/net/http/server.go:1930
2022/04/16 13:04:44.166  [C] [config.go:197]  D:/go/src/runtime/asm_amd64.s:1581
2022/04/16 15:51:08.190  [C] [server.go:188]  ListenAndServe:  http: Server closed 7996
2022/04/26 15:18:48.207  [E] [main.go:123]  init mysql failed, err: register db Ping `default`, invalid connection
